<?xml version="1.0" encoding="UTF-8"?>
<!-- Generated by org.testng.reporters.JUnitReportReporter -->
<testsuite hostname="DESKTOP-44FS5M2" failures="0" tests="5" name="magentoWebsiteTesting.MyFirstTest" time="16.282" errors="0" timestamp="2024-09-28T00:45:15 EET" skipped="4">
  <testcase classname="magentoWebsiteTesting.MyFirstTest" name="addWomenItem" time="16.282"/>
  <system-out/>
  <testcase classname="magentoWebsiteTesting.MyFirstTest" name="addMenItem">
    <skipped/>
  </testcase> <!-- addMenItem -->
  <system-out/>
  <testcase classname="magentoWebsiteTesting.MyFirstTest" name="CreateAnAccount">
    <skipped/>
  </testcase> <!-- CreateAnAccount -->
  <system-out/>
  <testcase classname="magentoWebsiteTesting.MyFirstTest" name="logOut">
    <skipped/>
  </testcase> <!-- logOut -->
  <system-out/>
  <testcase classname="magentoWebsiteTesting.MyFirstTest" name="loginTest">
    <skipped/>
  </testcase> <!-- loginTest -->
  <system-out/>
</testsuite> <!-- magentoWebsiteTesting.MyFirstTest -->
